[BEGIN] 2021/4/15 16:09:39
[2021/4/15 16:09:55] [c:\~]$ cd D:
[2021/4/15 16:10:30] [D:\]$ cd vm/ubantu-12.4-32bit
[2021/4/15 16:10:37] [D:\vm\ubantu-12.4-32bit]$ vagrant init ubantu-12.4-32bit
[2021/4/15 16:10:39] A `Vagrantfile` has been placed in this directory. You are now
[2021/4/15 16:10:39] ready to `vagrant up` your first virtual environment! Please read
[2021/4/15 16:10:39] the comments in the Vagrantfile as well as documentation on
[2021/4/15 16:10:39] `vagrantup.com` for more information on using Vagrant.
[2021/4/15 16:10:39] 
[2021/4/15 16:10:56] [D:\vm\ubantu-12.4-32bit]$ vagrant box add ubantu-12.4-32bit "D:\7f853ec0-ce79-4576-8b1e-54ba7fdc0099"
[2021/4/15 16:10:59] ==> box: Box file was not detected as metadata. Adding it directly...
[2021/4/15 16:10:59] ==> box: Adding box 'ubantu-12.4-32bit' (v0) for provider: 
[2021/4/15 16:10:59]     box: Unpacking necessary files from: file:///D:/7f853ec0-ce79-4576-8b1e-54ba7fdc0099
[2021/4/15 16:11:01]     box: 
[2021/4/15 16:11:05] ==> box: Successfully added box 'ubantu-12.4-32bit' (v0) for 'virtualbox'!
[2021/4/15 16:11:05] 
[2021/4/15 16:11:24] [D:\vm\ubantu-12.4-32bit]$ vagrant up
[2021/4/15 16:11:27] Bringing machine 'default' up with 'virtualbox' provider...
[2021/4/15 16:11:28] ==> default: Importing base box 'ubantu-12.4-32bit'...
[2021/4/15 16:11:42] ==> default: Matching MAC address for NAT networking...
[2021/4/15 16:11:43] ==> default: Setting the name of the VM: ubantu-124-32bit_default_1618474303762_3927
[2021/4/15 16:11:46] ==> default: Clearing any previously set network interfaces...
[2021/4/15 16:11:46] ==> default: Preparing network interfaces based on configuration...
[2021/4/15 16:11:46]     default: Adapter 1: nat
[2021/4/15 16:11:47] ==> default: Forwarding ports...
[2021/4/15 16:11:47]     default: 22 (guest) => 2222 (host) (adapter 1)
[2021/4/15 16:11:47] ==> default: Booting VM...
[2021/4/15 16:11:50] ==> default: Waiting for machine to boot. This may take a few minutes...
[2021/4/15 16:11:52]     default: SSH address: 127.0.0.1:2222
[2021/4/15 16:11:52]     default: SSH username: vagrant
[2021/4/15 16:11:52]     default: SSH auth method: private key
[2021/4/15 16:11:59]     default: 
[2021/4/15 16:11:59]     default: Vagrant insecure key detected. Vagrant will automatically replace
[2021/4/15 16:11:59]     default: this with a newly generated keypair for better security.
[2021/4/15 16:12:01]     default: 
[2021/4/15 16:12:01]     default: Inserting generated public key within guest...
[2021/4/15 16:12:02]     default: Removing insecure key from the guest if it's present...
[2021/4/15 16:12:02]     default: Key inserted! Disconnecting and reconnecting using new SSH key...
[2021/4/15 16:12:03] ==> default: Machine booted and ready!
[2021/4/15 16:12:03] ==> default: Checking for guest additions in VM...
[2021/4/15 16:12:03]     default: The guest additions on this VM do not match the installed version of
[2021/4/15 16:12:03]     default: VirtualBox! In most cases this is fine, but in rare cases it can
[2021/4/15 16:12:03]     default: prevent things such as shared folders from working properly. If you see
[2021/4/15 16:12:03]     default: shared folder errors, please make sure the guest additions within the
[2021/4/15 16:12:03]     default: virtual machine match the version of VirtualBox you have installed on
[2021/4/15 16:12:03]     default: your host and reload your VM.
[2021/4/15 16:12:03]     default: 
[2021/4/15 16:12:03]     default: Guest Additions Version: 5.2.12
[2021/4/15 16:12:03]     default: VirtualBox Version: 6.0
[2021/4/15 16:12:04] ==> default: Mounting shared folders...
[2021/4/15 16:12:04]     default: /vagrant => D:/vm/ubantu-12.4-32bit
[2021/4/15 16:12:04] 
[2021/4/15 16:12:22] [D:\vm\ubantu-12.4-32bit]$ vagrant ssh
[2021/4/15 16:12:22] Welcome to Ubuntu 12.04.5 LTS (GNU/Linux 3.13.0-32-generic i686)
[2021/4/15 16:12:22] 
[2021/4/15 16:12:22]  * Documentation:  https://help.ubuntu.com/
[2021/4/15 16:12:22] New release '14.04.5 LTS' available.
[2021/4/15 16:12:22] Run 'do-release-upgrade' to upgrade to it.
[2021/4/15 16:12:30] 
[2021/4/15 16:12:30] vagrant@precise32:~$ whoami
[2021/4/15 16:12:30] vagrant

[END] 2021/4/15 16:12:40
